{
  "RSpec": {
    "coverage": {
      "/home/wizard-suplex/tic-tac-toe-rb-ruby-intro-000/lib/tic_tac_toe.rb": [
        null,
        null,
        1,
        3,
        null,
        null,
        null,
        1,
        44,
        null,
        null,
        null,
        null,
        null,
        1,
        5,
        5,
        5,
        5,
        5,
        null,
        null,
        null,
        null,
        1,
        2,
        2,
        18,
        5,
        null,
        null,
        2,
        null,
        null,
        null,
        1,
        1,
        null,
        null,
        null,
        1,
        3,
        null,
        null,
        null,
        1,
        103,
        null,
        null,
        null,
        null,
        1,
        null,
        null,
        null,
        null,
        null,
        null,
        null,
        null,
        null,
        null,
        1,
        30,
        173,
        null,
        null,
        null,
        null,
        null,
        null,
        1,
        13,
        null,
        null,
        null,
        1,
        11,
        null,
        null,
        null,
        1,
        6,
        5,
        null,
        null,
        null,
        null,
        1,
        12,
        5,
        3,
        2,
        2,
        null,
        null
      ]
    },
    "timestamp": 1611171765
  }
}
