{
  "RSpec": {
    "coverage": {
      "/home/wizard-suplex/tic-tac-toe-rb-ruby-intro-000/lib/tic_tac_toe.rb": [
        null,
        1,
        11,
        null,
        null,
        1,
        2,
        2,
        18,
        5,
        null,
        null,
        2,
        null,
        null,
        1,
        1,
        null,
        null,
        null,
        null,
        1,
        null,
        null,
        null,
        null,
        null,
        null,
        null,
        null,
        null,
        null,
        1,
        11,
        78,
        null,
        null,
        null,
        null,
        null,
        null,
        1,
        59,
        null,
        null,
        null,
        1,
        7,
        null,
        null,
        null,
        1,
        3,
        null,
        null,
        null,
        1,
        3,
        2,
        null,
        null,
        null,
        null,
        1,
        0,
        0,
        0,
        0,
        0,
        null,
        null
      ]
    },
    "timestamp": 1611171366
  }
}
